GROUP,PACKAGE,CLASS,INSTRUCTION_MISSED,INSTRUCTION_COVERED,BRANCH_MISSED,BRANCH_COVERED,LINE_MISSED,LINE_COVERED,COMPLEXITY_MISSED,COMPLEXITY_COVERED,METHOD_MISSED,METHOD_COVERED
my-app,default,Player,0,3,0,0,0,1,0,1,0,1
my-app,default,Utility,3,56,0,6,1,15,1,6,1,3
my-app,default,Game,0,583,6,104,0,94,6,56,0,7
my-app,default,Program,32,0,0,0,7,0,2,0,2,0
my-app,default,TicTacToePanel,260,0,14,0,46,0,10,0,3,0
my-app,default,State,0,27,0,0,0,1,0,1,0,1
my-app,default,TicTacToeCell,0,52,0,0,0,16,0,6,0,6
